<?xml version="1.0" encoding="UTF-8"?>
<coverage generated="1630530073753" clover="3.2.0">
  <project timestamp="1630530073753" name="All files">
    <metrics statements="42" coveredstatements="42" conditionals="10" coveredconditionals="10" methods="15" coveredmethods="15" elements="67" coveredelements="67" complexity="0" loc="42" ncloc="42" packages="1" files="1" classes="1"/>
    <file name="polynomial.ts" path="/home/sroucheray/dev/programmers-introduction-to-mathematics/secret-sharing/polynomial.ts">
      <metrics statements="42" coveredstatements="42" conditionals="10" coveredconditionals="10" methods="15" coveredmethods="15"/>
      <line num="1" count="1" type="stmt"/>
      <line num="2" count="31" type="cond" truecount="2" falsecount="0"/>
      <line num="3" count="3" type="stmt"/>
      <line num="6" count="28" type="stmt"/>
      <line num="8" count="28" type="cond" truecount="2" falsecount="0"/>
      <line num="9" count="7" type="stmt"/>
      <line num="12" count="28" type="stmt"/>
      <line num="25" count="1" type="stmt"/>
      <line num="35" count="28" type="stmt"/>
      <line num="39" count="5" type="stmt"/>
      <line num="40" count="5" type="stmt"/>
      <line num="41" count="5" type="stmt"/>
      <line num="42" count="5" type="stmt"/>
      <line num="43" count="5" type="stmt"/>
      <line num="45" count="5" type="stmt"/>
      <line num="47" count="5" type="stmt"/>
      <line num="48" count="17" type="cond" truecount="2" falsecount="0"/>
      <line num="49" count="17" type="cond" truecount="2" falsecount="0"/>
      <line num="50" count="17" type="stmt"/>
      <line num="51" count="17" type="stmt"/>
      <line num="53" count="5" type="stmt"/>
      <line num="57" count="1" type="stmt"/>
      <line num="58" count="1" type="stmt"/>
      <line num="60" count="1" type="stmt"/>
      <line num="61" count="1" type="stmt"/>
      <line num="63" count="1" type="stmt"/>
      <line num="64" count="3" type="stmt"/>
      <line num="65" count="9" type="stmt"/>
      <line num="69" count="1" type="stmt"/>
      <line num="73" count="2" type="stmt"/>
      <line num="83" count="1" type="stmt"/>
      <line num="84" count="1" type="stmt"/>
      <line num="85" count="3" type="stmt"/>
      <line num="88" count="1" type="stmt"/>
      <line num="92" count="6" type="stmt"/>
      <line num="96" count="1" type="stmt"/>
      <line num="98" count="3" type="cond" truecount="2" falsecount="0"/>
      <line num="106" count="27" type="stmt"/>
      <line num="107" count="27" type="stmt"/>
      <line num="109" count="27" type="stmt"/>
      <line num="110" count="105" type="stmt"/>
      <line num="118" count="1" type="stmt"/>
    </file>
  </project>
</coverage>
