{"/home/sroucheray/dev/programmers-introduction-to-mathematics/secret-sharing/polynomial.ts": {"path":"/home/sroucheray/dev/programmers-introduction-to-mathematics/secret-sharing/polynomial.ts","statementMap":{"0":{"start":{"line":1,"column":21},"end":{"line":13,"column":1}},"1":{"start":{"line":2,"column":2},"end":{"line":4,"column":3}},"2":{"start":{"line":3,"column":4},"end":{"line":3,"column":17}},"3":{"start":{"line":6,"column":10},"end":{"line":6,"column":26}},"4":{"start":{"line":8,"column":2},"end":{"line":10,"column":3}},"5":{"start":{"line":9,"column":4},"end":{"line":9,"column":8}},"6":{"start":{"line":12,"column":2},"end":{"line":12,"column":31}},"7":{"start":{"line":25,"column":33},"end":{"line":25,"column":36}},"8":{"start":{"line":35,"column":4},"end":{"line":35,"column":47}},"9":{"start":{"line":39,"column":28},"end":{"line":39,"column":30}},"10":{"start":{"line":40,"column":29},"end":{"line":40,"column":38}},"11":{"start":{"line":41,"column":30},"end":{"line":41,"column":40}},"12":{"start":{"line":42,"column":23},"end":{"line":42,"column":46}},"13":{"start":{"line":43,"column":24},"end":{"line":43,"column":48}},"14":{"start":{"line":45,"column":20},"end":{"line":45,"column":53}},"15":{"start":{"line":47,"column":4},"end":{"line":52,"column":5}},"16":{"start":{"line":47,"column":21},"end":{"line":47,"column":22}},"17":{"start":{"line":48,"column":24},"end":{"line":48,"column":73}},"18":{"start":{"line":49,"column":25},"end":{"line":49,"column":76}},"19":{"start":{"line":50,"column":6},"end":{"line":50,"column":31}},"20":{"start":{"line":51,"column":6},"end":{"line":51,"column":51}},"21":{"start":{"line":53,"column":4},"end":{"line":53,"column":43}},"22":{"start":{"line":57,"column":29},"end":{"line":57,"column":38}},"23":{"start":{"line":58,"column":30},"end":{"line":58,"column":40}},"24":{"start":{"line":60,"column":6},"end":{"line":60,"column":60}},"25":{"start":{"line":61,"column":28},"end":{"line":61,"column":76}},"26":{"start":{"line":63,"column":4},"end":{"line":67,"column":7}},"27":{"start":{"line":64,"column":6},"end":{"line":66,"column":9}},"28":{"start":{"line":65,"column":8},"end":{"line":65,"column":40}},"29":{"start":{"line":69,"column":4},"end":{"line":69,"column":43}},"30":{"start":{"line":73,"column":4},"end":{"line":73,"column":57}},"31":{"start":{"line":83,"column":17},"end":{"line":83,"column":18}},"32":{"start":{"line":84,"column":4},"end":{"line":86,"column":7}},"33":{"start":{"line":85,"column":6},"end":{"line":85,"column":30}},"34":{"start":{"line":88,"column":4},"end":{"line":88,"column":18}},"35":{"start":{"line":92,"column":4},"end":{"line":92,"column":56}},"36":{"start":{"line":92,"column":49},"end":{"line":92,"column":53}},"37":{"start":{"line":96,"column":4},"end":{"line":102,"column":19}},"38":{"start":{"line":98,"column":8},"end":{"line":100,"column":59}},"39":{"start":{"line":106,"column":16},"end":{"line":106,"column":18}},"40":{"start":{"line":107,"column":25},"end":{"line":107,"column":42}},"41":{"start":{"line":109,"column":4},"end":{"line":114,"column":6}},"42":{"start":{"line":110,"column":19},"end":{"line":113,"column":7}},"43":{"start":{"line":118,"column":20},"end":{"line":118,"column":38}}},"fnMap":{"0":{"name":"(anonymous_0)","decl":{"start":{"line":1,"column":21},"end":{"line":1,"column":22}},"loc":{"start":{"line":1,"column":55},"end":{"line":13,"column":1}},"line":1},"1":{"name":"(anonymous_1)","decl":{"start":{"line":34,"column":2},"end":{"line":34,"column":3}},"loc":{"start":{"line":34,"column":38},"end":{"line":36,"column":3}},"line":34},"2":{"name":"(anonymous_2)","decl":{"start":{"line":38,"column":2},"end":{"line":38,"column":3}},"loc":{"start":{"line":38,"column":44},"end":{"line":54,"column":3}},"line":38},"3":{"name":"(anonymous_3)","decl":{"start":{"line":56,"column":2},"end":{"line":56,"column":3}},"loc":{"start":{"line":56,"column":49},"end":{"line":70,"column":3}},"line":56},"4":{"name":"(anonymous_4)","decl":{"start":{"line":63,"column":29},"end":{"line":63,"column":30}},"loc":{"start":{"line":63,"column":39},"end":{"line":67,"column":5}},"line":63},"5":{"name":"(anonymous_5)","decl":{"start":{"line":64,"column":32},"end":{"line":64,"column":33}},"loc":{"start":{"line":64,"column":42},"end":{"line":66,"column":7}},"line":64},"6":{"name":"(anonymous_6)","decl":{"start":{"line":72,"column":2},"end":{"line":72,"column":3}},"loc":{"start":{"line":72,"column":44},"end":{"line":74,"column":3}},"line":72},"7":{"name":"(anonymous_7)","decl":{"start":{"line":82,"column":2},"end":{"line":82,"column":3}},"loc":{"start":{"line":82,"column":39},"end":{"line":89,"column":3}},"line":82},"8":{"name":"(anonymous_8)","decl":{"start":{"line":84,"column":32},"end":{"line":84,"column":33}},"loc":{"start":{"line":84,"column":39},"end":{"line":86,"column":5}},"line":84},"9":{"name":"(anonymous_9)","decl":{"start":{"line":91,"column":2},"end":{"line":91,"column":3}},"loc":{"start":{"line":91,"column":30},"end":{"line":93,"column":3}},"line":91},"10":{"name":"(anonymous_10)","decl":{"start":{"line":92,"column":40},"end":{"line":92,"column":41}},"loc":{"start":{"line":92,"column":49},"end":{"line":92,"column":53}},"line":92},"11":{"name":"(anonymous_11)","decl":{"start":{"line":95,"column":2},"end":{"line":95,"column":3}},"loc":{"start":{"line":95,"column":28},"end":{"line":103,"column":3}},"line":95},"12":{"name":"(anonymous_12)","decl":{"start":{"line":97,"column":11},"end":{"line":97,"column":12}},"loc":{"start":{"line":97,"column":29},"end":{"line":101,"column":7}},"line":97},"13":{"name":"(anonymous_13)","decl":{"start":{"line":105,"column":2},"end":{"line":105,"column":3}},"loc":{"start":{"line":105,"column":22},"end":{"line":115,"column":3}},"line":105},"14":{"name":"(anonymous_14)","decl":{"start":{"line":110,"column":12},"end":{"line":110,"column":13}},"loc":{"start":{"line":110,"column":19},"end":{"line":113,"column":7}},"line":110}},"branchMap":{"0":{"loc":{"start":{"line":2,"column":2},"end":{"line":4,"column":3}},"type":"if","locations":[{"start":{"line":2,"column":2},"end":{"line":4,"column":3}},{"start":{"line":2,"column":2},"end":{"line":4,"column":3}}],"line":2},"1":{"loc":{"start":{"line":8,"column":9},"end":{"line":8,"column":37}},"type":"binary-expr","locations":[{"start":{"line":8,"column":9},"end":{"line":8,"column":15}},{"start":{"line":8,"column":19},"end":{"line":8,"column":37}}],"line":8},"2":{"loc":{"start":{"line":48,"column":24},"end":{"line":48,"column":73}},"type":"cond-expr","locations":[{"start":{"line":48,"column":46},"end":{"line":48,"column":47}},{"start":{"line":48,"column":50},"end":{"line":48,"column":73}}],"line":48},"3":{"loc":{"start":{"line":49,"column":25},"end":{"line":49,"column":76}},"type":"cond-expr","locations":[{"start":{"line":49,"column":48},"end":{"line":49,"column":49}},{"start":{"line":49,"column":52},"end":{"line":49,"column":76}}],"line":49},"4":{"loc":{"start":{"line":98,"column":15},"end":{"line":100,"column":58}},"type":"cond-expr","locations":[{"start":{"line":99,"column":12},"end":{"line":99,"column":22}},{"start":{"line":100,"column":12},"end":{"line":100,"column":58}}],"line":98}},"s":{"0":1,"1":31,"2":3,"3":28,"4":28,"5":7,"6":28,"7":1,"8":28,"9":5,"10":5,"11":5,"12":5,"13":5,"14":5,"15":5,"16":5,"17":17,"18":17,"19":17,"20":17,"21":5,"22":1,"23":1,"24":1,"25":1,"26":1,"27":3,"28":9,"29":1,"30":2,"31":1,"32":1,"33":3,"34":1,"35":3,"36":6,"37":1,"38":3,"39":27,"40":27,"41":27,"42":105,"43":1},"f":{"0":31,"1":28,"2":5,"3":1,"4":3,"5":9,"6":2,"7":1,"8":3,"9":3,"10":6,"11":1,"12":3,"13":27,"14":105},"b":{"0":[3,28],"1":[35,33],"2":[1,16],"3":[4,13],"4":[1,2]},"_coverageSchema":"1a1c01bbd47fc00a2c39e90264f33305004495a9","hash":"d341a7fb869ae38cf252b122081b23019d177422"}
}
