TN:
SF:secret-sharing/polynomial.ts
FN:1,(anonymous_0)
FN:34,(anonymous_1)
FN:38,(anonymous_2)
FN:56,(anonymous_3)
FN:63,(anonymous_4)
FN:64,(anonymous_5)
FN:72,(anonymous_6)
FN:82,(anonymous_7)
FN:84,(anonymous_8)
FN:91,(anonymous_9)
FN:92,(anonymous_10)
FN:95,(anonymous_11)
FN:97,(anonymous_12)
FN:105,(anonymous_13)
FN:110,(anonymous_14)
FNF:15
FNH:15
FNDA:31,(anonymous_0)
FNDA:28,(anonymous_1)
FNDA:5,(anonymous_2)
FNDA:1,(anonymous_3)
FNDA:3,(anonymous_4)
FNDA:9,(anonymous_5)
FNDA:2,(anonymous_6)
FNDA:1,(anonymous_7)
FNDA:3,(anonymous_8)
FNDA:3,(anonymous_9)
FNDA:6,(anonymous_10)
FNDA:1,(anonymous_11)
FNDA:3,(anonymous_12)
FNDA:27,(anonymous_13)
FNDA:105,(anonymous_14)
DA:1,1
DA:2,31
DA:3,3
DA:6,28
DA:8,28
DA:9,7
DA:12,28
DA:25,1
DA:35,28
DA:39,5
DA:40,5
DA:41,5
DA:42,5
DA:43,5
DA:45,5
DA:47,5
DA:48,17
DA:49,17
DA:50,17
DA:51,17
DA:53,5
DA:57,1
DA:58,1
DA:60,1
DA:61,1
DA:63,1
DA:64,3
DA:65,9
DA:69,1
DA:73,2
DA:83,1
DA:84,1
DA:85,3
DA:88,1
DA:92,6
DA:96,1
DA:98,3
DA:106,27
DA:107,27
DA:109,27
DA:110,105
DA:118,1
LF:42
LH:42
BRDA:2,0,0,3
BRDA:2,0,1,28
BRDA:8,1,0,35
BRDA:8,1,1,33
BRDA:48,2,0,1
BRDA:48,2,1,16
BRDA:49,3,0,4
BRDA:49,3,1,13
BRDA:98,4,0,1
BRDA:98,4,1,2
BRF:10
BRH:10
end_of_record
